[0.421s] Invoking command in '/home/sajeeh/ufactory_ws/src/ufactory850_sim': PYTHONPATH=/home/sajeeh/ufactory_ws/build/ufactory850_sim/prefix_override:/usr/lib/python3/dist-packages/colcon_core/task/python/colcon_distutils_commands:/home/sajeeh/ufactory_ws/install/ufactory850_sim/lib/python3.10/site-packages:${PYTHONPATH} /usr/bin/python3 -W ignore:setup.py install is deprecated -W ignore:easy_install command is deprecated setup.py egg_info --egg-base ../../build/ufactory850_sim build --build-base /home/sajeeh/ufactory_ws/build/ufactory850_sim/build install --record /home/sajeeh/ufactory_ws/build/ufactory850_sim/install.log --single-version-externally-managed install_data
[0.637s] running egg_info
[0.638s] writing ../../build/ufactory850_sim/ufactory850_sim.egg-info/PKG-INFO
[0.639s] writing dependency_links to ../../build/ufactory850_sim/ufactory850_sim.egg-info/dependency_links.txt
[0.639s] writing entry points to ../../build/ufactory850_sim/ufactory850_sim.egg-info/entry_points.txt
[0.640s] writing requirements to ../../build/ufactory850_sim/ufactory850_sim.egg-info/requires.txt
[0.640s] writing top-level names to ../../build/ufactory850_sim/ufactory850_sim.egg-info/top_level.txt
[0.642s] reading manifest file '../../build/ufactory850_sim/ufactory850_sim.egg-info/SOURCES.txt'
[0.642s] writing manifest file '../../build/ufactory850_sim/ufactory850_sim.egg-info/SOURCES.txt'
[0.643s] running build
[0.643s] running build_py
[0.643s] running install
[0.643s] running install_lib
[0.644s] running install_data
[0.644s] creating /home/sajeeh/ufactory_ws/install/ufactory850_sim/share/ufactory850_sim/launch
[0.644s] copying launch/ufactory_world.launch.py -> /home/sajeeh/ufactory_ws/install/ufactory850_sim/share/ufactory850_sim/launch
[0.644s] creating /home/sajeeh/ufactory_ws/install/ufactory850_sim/share/ufactory850_sim/urdf
[0.644s] copying urdf/ufactory850.urdf.xacro -> /home/sajeeh/ufactory_ws/install/ufactory850_sim/share/ufactory850_sim/urdf
[0.645s] creating /home/sajeeh/ufactory_ws/install/ufactory850_sim/share/ufactory850_sim/worlds
[0.645s] copying worlds/loop_channel.world -> /home/sajeeh/ufactory_ws/install/ufactory850_sim/share/ufactory850_sim/worlds
[0.645s] running install_egg_info
[0.647s] removing '/home/sajeeh/ufactory_ws/install/ufactory850_sim/lib/python3.10/site-packages/ufactory850_sim-0.0.0-py3.10.egg-info' (and everything under it)
[0.647s] Copying ../../build/ufactory850_sim/ufactory850_sim.egg-info to /home/sajeeh/ufactory_ws/install/ufactory850_sim/lib/python3.10/site-packages/ufactory850_sim-0.0.0-py3.10.egg-info
[0.648s] running install_scripts
[0.663s] writing list of installed files to '/home/sajeeh/ufactory_ws/build/ufactory850_sim/install.log'
[0.679s] Invoked command in '/home/sajeeh/ufactory_ws/src/ufactory850_sim' returned '0': PYTHONPATH=/home/sajeeh/ufactory_ws/build/ufactory850_sim/prefix_override:/usr/lib/python3/dist-packages/colcon_core/task/python/colcon_distutils_commands:/home/sajeeh/ufactory_ws/install/ufactory850_sim/lib/python3.10/site-packages:${PYTHONPATH} /usr/bin/python3 -W ignore:setup.py install is deprecated -W ignore:easy_install command is deprecated setup.py egg_info --egg-base ../../build/ufactory850_sim build --build-base /home/sajeeh/ufactory_ws/build/ufactory850_sim/build install --record /home/sajeeh/ufactory_ws/build/ufactory850_sim/install.log --single-version-externally-managed install_data
