running egg_info
creating ../../build/ufactory850_sim/ufactory850_sim.egg-info
writing ../../build/ufactory850_sim/ufactory850_sim.egg-info/PKG-INFO
writing dependency_links to ../../build/ufactory850_sim/ufactory850_sim.egg-info/dependency_links.txt
writing entry points to ../../build/ufactory850_sim/ufactory850_sim.egg-info/entry_points.txt
writing requirements to ../../build/ufactory850_sim/ufactory850_sim.egg-info/requires.txt
writing top-level names to ../../build/ufactory850_sim/ufactory850_sim.egg-info/top_level.txt
writing manifest file '../../build/ufactory850_sim/ufactory850_sim.egg-info/SOURCES.txt'
reading manifest file '../../build/ufactory850_sim/ufactory850_sim.egg-info/SOURCES.txt'
writing manifest file '../../build/ufactory850_sim/ufactory850_sim.egg-info/SOURCES.txt'
running build
running build_py
creating /home/sajeeh/ufactory_ws/build/ufactory850_sim/build
creating /home/sajeeh/ufactory_ws/build/ufactory850_sim/build/lib
creating /home/sajeeh/ufactory_ws/build/ufactory850_sim/build/lib/ufactory850_sim
copying ufactory850_sim/__init__.py -> /home/sajeeh/ufactory_ws/build/ufactory850_sim/build/lib/ufactory850_sim
running install
running install_lib
creating /home/sajeeh/ufactory_ws/install/ufactory850_sim/lib/python3.10/site-packages/ufactory850_sim
copying /home/sajeeh/ufactory_ws/build/ufactory850_sim/build/lib/ufactory850_sim/__init__.py -> /home/sajeeh/ufactory_ws/install/ufactory850_sim/lib/python3.10/site-packages/ufactory850_sim
byte-compiling /home/sajeeh/ufactory_ws/install/ufactory850_sim/lib/python3.10/site-packages/ufactory850_sim/__init__.py to __init__.cpython-310.pyc
running install_data
creating /home/sajeeh/ufactory_ws/install/ufactory850_sim/share/ament_index
creating /home/sajeeh/ufactory_ws/install/ufactory850_sim/share/ament_index/resource_index
creating /home/sajeeh/ufactory_ws/install/ufactory850_sim/share/ament_index/resource_index/packages
copying resource/ufactory850_sim -> /home/sajeeh/ufactory_ws/install/ufactory850_sim/share/ament_index/resource_index/packages
copying package.xml -> /home/sajeeh/ufactory_ws/install/ufactory850_sim/share/ufactory850_sim
running install_egg_info
Copying ../../build/ufactory850_sim/ufactory850_sim.egg-info to /home/sajeeh/ufactory_ws/install/ufactory850_sim/lib/python3.10/site-packages/ufactory850_sim-0.0.0-py3.10.egg-info
running install_scripts
writing list of installed files to '/home/sajeeh/ufactory_ws/build/ufactory850_sim/install.log'
