[0.761s] Invoking command in '/home/sajeeh/ufactory_ws/src/ufactory850_sim': PYTHONPATH=/home/sajeeh/ufactory_ws/build/ufactory850_sim/prefix_override:/usr/lib/python3/dist-packages/colcon_core/task/python/colcon_distutils_commands:/home/sajeeh/ufactory_ws/install/ufactory850_sim/lib/python3.10/site-packages:${PYTHONPATH} /usr/bin/python3 -W ignore:setup.py install is deprecated -W ignore:easy_install command is deprecated setup.py egg_info --egg-base ../../build/ufactory850_sim build --build-base /home/sajeeh/ufactory_ws/build/ufactory850_sim/build install --record /home/sajeeh/ufactory_ws/build/ufactory850_sim/install.log --single-version-externally-managed install_data
[0.911s] running egg_info
[0.911s] creating ../../build/ufactory850_sim/ufactory850_sim.egg-info
[0.912s] writing ../../build/ufactory850_sim/ufactory850_sim.egg-info/PKG-INFO
[0.912s] writing dependency_links to ../../build/ufactory850_sim/ufactory850_sim.egg-info/dependency_links.txt
[0.914s] writing entry points to ../../build/ufactory850_sim/ufactory850_sim.egg-info/entry_points.txt
[0.914s] writing requirements to ../../build/ufactory850_sim/ufactory850_sim.egg-info/requires.txt
[0.914s] writing top-level names to ../../build/ufactory850_sim/ufactory850_sim.egg-info/top_level.txt
[0.914s] writing manifest file '../../build/ufactory850_sim/ufactory850_sim.egg-info/SOURCES.txt'
[0.914s] reading manifest file '../../build/ufactory850_sim/ufactory850_sim.egg-info/SOURCES.txt'
[0.914s] writing manifest file '../../build/ufactory850_sim/ufactory850_sim.egg-info/SOURCES.txt'
[0.914s] running build
[0.914s] running build_py
[0.915s] creating /home/sajeeh/ufactory_ws/build/ufactory850_sim/build
[0.915s] creating /home/sajeeh/ufactory_ws/build/ufactory850_sim/build/lib
[0.915s] creating /home/sajeeh/ufactory_ws/build/ufactory850_sim/build/lib/ufactory850_sim
[0.915s] copying ufactory850_sim/__init__.py -> /home/sajeeh/ufactory_ws/build/ufactory850_sim/build/lib/ufactory850_sim
[0.915s] running install
[0.915s] running install_lib
[0.916s] creating /home/sajeeh/ufactory_ws/install/ufactory850_sim/lib/python3.10/site-packages/ufactory850_sim
[0.916s] copying /home/sajeeh/ufactory_ws/build/ufactory850_sim/build/lib/ufactory850_sim/__init__.py -> /home/sajeeh/ufactory_ws/install/ufactory850_sim/lib/python3.10/site-packages/ufactory850_sim
[0.916s] byte-compiling /home/sajeeh/ufactory_ws/install/ufactory850_sim/lib/python3.10/site-packages/ufactory850_sim/__init__.py to __init__.cpython-310.pyc
[0.916s] running install_data
[0.916s] creating /home/sajeeh/ufactory_ws/install/ufactory850_sim/share/ament_index
[0.916s] creating /home/sajeeh/ufactory_ws/install/ufactory850_sim/share/ament_index/resource_index
[0.916s] creating /home/sajeeh/ufactory_ws/install/ufactory850_sim/share/ament_index/resource_index/packages
[0.916s] copying resource/ufactory850_sim -> /home/sajeeh/ufactory_ws/install/ufactory850_sim/share/ament_index/resource_index/packages
[0.917s] copying package.xml -> /home/sajeeh/ufactory_ws/install/ufactory850_sim/share/ufactory850_sim
[0.917s] running install_egg_info
[0.918s] Copying ../../build/ufactory850_sim/ufactory850_sim.egg-info to /home/sajeeh/ufactory_ws/install/ufactory850_sim/lib/python3.10/site-packages/ufactory850_sim-0.0.0-py3.10.egg-info
[0.921s] running install_scripts
[0.930s] writing list of installed files to '/home/sajeeh/ufactory_ws/build/ufactory850_sim/install.log'
[0.941s] Invoked command in '/home/sajeeh/ufactory_ws/src/ufactory850_sim' returned '0': PYTHONPATH=/home/sajeeh/ufactory_ws/build/ufactory850_sim/prefix_override:/usr/lib/python3/dist-packages/colcon_core/task/python/colcon_distutils_commands:/home/sajeeh/ufactory_ws/install/ufactory850_sim/lib/python3.10/site-packages:${PYTHONPATH} /usr/bin/python3 -W ignore:setup.py install is deprecated -W ignore:easy_install command is deprecated setup.py egg_info --egg-base ../../build/ufactory850_sim build --build-base /home/sajeeh/ufactory_ws/build/ufactory850_sim/build install --record /home/sajeeh/ufactory_ws/build/ufactory850_sim/install.log --single-version-externally-managed install_data
