running egg_info
writing ../../build/ufactory850_sim/ufactory850_sim.egg-info/PKG-INFO
writing dependency_links to ../../build/ufactory850_sim/ufactory850_sim.egg-info/dependency_links.txt
writing entry points to ../../build/ufactory850_sim/ufactory850_sim.egg-info/entry_points.txt
writing requirements to ../../build/ufactory850_sim/ufactory850_sim.egg-info/requires.txt
writing top-level names to ../../build/ufactory850_sim/ufactory850_sim.egg-info/top_level.txt
reading manifest file '../../build/ufactory850_sim/ufactory850_sim.egg-info/SOURCES.txt'
writing manifest file '../../build/ufactory850_sim/ufactory850_sim.egg-info/SOURCES.txt'
running build
running build_py
copying ufactory850_sim/pick_and_place.py -> /home/sajeeh/ufactory_ws/build/ufactory850_sim/build/lib/ufactory850_sim
running install
running install_lib
copying /home/sajeeh/ufactory_ws/build/ufactory850_sim/build/lib/ufactory850_sim/pick_and_place.py -> /home/sajeeh/ufactory_ws/install/ufactory850_sim/lib/python3.10/site-packages/ufactory850_sim
byte-compiling /home/sajeeh/ufactory_ws/install/ufactory850_sim/lib/python3.10/site-packages/ufactory850_sim/pick_and_place.py to pick_and_place.cpython-310.pyc
running install_data
running install_egg_info
removing '/home/sajeeh/ufactory_ws/install/ufactory850_sim/lib/python3.10/site-packages/ufactory850_sim-0.0.0-py3.10.egg-info' (and everything under it)
Copying ../../build/ufactory850_sim/ufactory850_sim.egg-info to /home/sajeeh/ufactory_ws/install/ufactory850_sim/lib/python3.10/site-packages/ufactory850_sim-0.0.0-py3.10.egg-info
running install_scripts
Installing pick_and_place script to /home/sajeeh/ufactory_ws/install/ufactory850_sim/lib/ufactory850_sim
writing list of installed files to '/home/sajeeh/ufactory_ws/build/ufactory850_sim/install.log'
