[0.903s] DEBUG:colcon:Command line arguments: ['/usr/bin/colcon', 'build']
[0.903s] DEBUG:colcon:Parsed command line arguments: Namespace(log_base=None, log_level=None, verb_name='build', build_base='build', install_base='install', merge_install=False, symlink_install=False, test_result_base=None, continue_on_error=False, executor='parallel', parallel_workers=1, event_handlers=None, ignore_user_meta=False, metas=['./colcon.meta'], base_paths=['.'], packages_ignore=None, packages_ignore_regex=None, paths=None, packages_up_to=None, packages_up_to_regex=None, packages_above=None, packages_above_and_dependencies=None, packages_above_depth=None, packages_select_by_dep=None, packages_skip_by_dep=None, packages_skip_up_to=None, packages_select_build_failed=False, packages_skip_build_finished=False, packages_select_test_failures=False, packages_skip_test_passed=False, packages_select=None, packages_skip=None, packages_select_regex=None, packages_skip_regex=None, packages_start=None, packages_end=None, allow_overriding=[], cmake_args=None, cmake_target=None, cmake_target_skip_unavailable=False, cmake_clean_cache=False, cmake_clean_first=False, cmake_force_configure=False, ament_cmake_args=None, catkin_cmake_args=None, catkin_skip_building_tests=False, mixin_files=None, mixin=None, verb_parser=<colcon_mixin.mixin.mixin_argument.MixinArgumentDecorator object at 0x77f079d777c0>, verb_extension=<colcon_core.verb.build.BuildVerb object at 0x77f079d77250>, main=<bound method BuildVerb.main of <colcon_core.verb.build.BuildVerb object at 0x77f079d77250>>, mixin_verb=('build',))
[1.420s] Level 1:colcon.colcon_core.package_discovery:discover_packages(colcon_meta) check parameters
[1.421s] Level 1:colcon.colcon_core.package_discovery:discover_packages(recursive) check parameters
[1.421s] Level 1:colcon.colcon_core.package_discovery:discover_packages(ignore) check parameters
[1.421s] Level 1:colcon.colcon_core.package_discovery:discover_packages(path) check parameters
[1.421s] Level 1:colcon.colcon_core.package_discovery:discover_packages(colcon_meta) discover
[1.421s] Level 1:colcon.colcon_core.package_discovery:discover_packages(recursive) discover
[1.421s] INFO:colcon.colcon_core.package_discovery:Crawling recursively for packages in '/home/sajeeh/ufactory_ws'
[1.421s] Level 1:colcon.colcon_core.package_identification:_identify(.) by extensions ['ignore', 'ignore_ament_install']
[1.421s] Level 1:colcon.colcon_core.package_identification:_identify(.) by extension 'ignore'
[1.421s] Level 1:colcon.colcon_core.package_identification:_identify(.) by extension 'ignore_ament_install'
[1.421s] Level 1:colcon.colcon_core.package_identification:_identify(.) by extensions ['colcon_pkg']
[1.421s] Level 1:colcon.colcon_core.package_identification:_identify(.) by extension 'colcon_pkg'
[1.421s] Level 1:colcon.colcon_core.package_identification:_identify(.) by extensions ['colcon_meta']
[1.421s] Level 1:colcon.colcon_core.package_identification:_identify(.) by extension 'colcon_meta'
[1.421s] Level 1:colcon.colcon_core.package_identification:_identify(.) by extensions ['ros']
[1.421s] Level 1:colcon.colcon_core.package_identification:_identify(.) by extension 'ros'
[1.440s] Level 1:colcon.colcon_core.package_identification:_identify(.) by extensions ['cmake', 'python']
[1.441s] Level 1:colcon.colcon_core.package_identification:_identify(.) by extension 'cmake'
[1.441s] Level 1:colcon.colcon_core.package_identification:_identify(.) by extension 'python'
[1.441s] Level 1:colcon.colcon_core.package_identification:_identify(.) by extensions ['python_setup_py']
[1.441s] Level 1:colcon.colcon_core.package_identification:_identify(.) by extension 'python_setup_py'
[1.441s] Level 1:colcon.colcon_core.package_identification:_identify(build) by extensions ['ignore', 'ignore_ament_install']
[1.441s] Level 1:colcon.colcon_core.package_identification:_identify(build) by extension 'ignore'
[1.441s] Level 1:colcon.colcon_core.package_identification:_identify(build) ignored
[1.441s] Level 1:colcon.colcon_core.package_identification:_identify(install) by extensions ['ignore', 'ignore_ament_install']
[1.441s] Level 1:colcon.colcon_core.package_identification:_identify(install) by extension 'ignore'
[1.441s] Level 1:colcon.colcon_core.package_identification:_identify(install) ignored
[1.441s] Level 1:colcon.colcon_core.package_identification:_identify(log) by extensions ['ignore', 'ignore_ament_install']
[1.441s] Level 1:colcon.colcon_core.package_identification:_identify(log) by extension 'ignore'
[1.441s] Level 1:colcon.colcon_core.package_identification:_identify(log) ignored
[1.443s] Level 1:colcon.colcon_core.package_identification:_identify(src) by extensions ['ignore', 'ignore_ament_install']
[1.443s] Level 1:colcon.colcon_core.package_identification:_identify(src) by extension 'ignore'
[1.443s] Level 1:colcon.colcon_core.package_identification:_identify(src) by extension 'ignore_ament_install'
[1.443s] Level 1:colcon.colcon_core.package_identification:_identify(src) by extensions ['colcon_pkg']
[1.443s] Level 1:colcon.colcon_core.package_identification:_identify(src) by extension 'colcon_pkg'
[1.443s] Level 1:colcon.colcon_core.package_identification:_identify(src) by extensions ['colcon_meta']
[1.444s] Level 1:colcon.colcon_core.package_identification:_identify(src) by extension 'colcon_meta'
[1.444s] Level 1:colcon.colcon_core.package_identification:_identify(src) by extensions ['ros']
[1.444s] Level 1:colcon.colcon_core.package_identification:_identify(src) by extension 'ros'
[1.444s] Level 1:colcon.colcon_core.package_identification:_identify(src) by extensions ['cmake', 'python']
[1.444s] Level 1:colcon.colcon_core.package_identification:_identify(src) by extension 'cmake'
[1.444s] Level 1:colcon.colcon_core.package_identification:_identify(src) by extension 'python'
[1.444s] Level 1:colcon.colcon_core.package_identification:_identify(src) by extensions ['python_setup_py']
[1.444s] Level 1:colcon.colcon_core.package_identification:_identify(src) by extension 'python_setup_py'
[1.445s] Level 1:colcon.colcon_core.package_identification:_identify(src/ufactory850_sim) by extensions ['ignore', 'ignore_ament_install']
[1.445s] Level 1:colcon.colcon_core.package_identification:_identify(src/ufactory850_sim) by extension 'ignore'
[1.445s] Level 1:colcon.colcon_core.package_identification:_identify(src/ufactory850_sim) by extension 'ignore_ament_install'
[1.445s] Level 1:colcon.colcon_core.package_identification:_identify(src/ufactory850_sim) by extensions ['colcon_pkg']
[1.445s] Level 1:colcon.colcon_core.package_identification:_identify(src/ufactory850_sim) by extension 'colcon_pkg'
[1.445s] Level 1:colcon.colcon_core.package_identification:_identify(src/ufactory850_sim) by extensions ['colcon_meta']
[1.445s] Level 1:colcon.colcon_core.package_identification:_identify(src/ufactory850_sim) by extension 'colcon_meta'
[1.445s] Level 1:colcon.colcon_core.package_identification:_identify(src/ufactory850_sim) by extensions ['ros']
[1.445s] Level 1:colcon.colcon_core.package_identification:_identify(src/ufactory850_sim) by extension 'ros'
[1.450s] DEBUG:colcon.colcon_core.package_identification:Package 'src/ufactory850_sim' with type 'ros.ament_python' and name 'ufactory850_sim'
[1.450s] Level 1:colcon.colcon_core.package_discovery:discover_packages(recursive) using defaults
[1.450s] Level 1:colcon.colcon_core.package_discovery:discover_packages(ignore) discover
[1.450s] Level 1:colcon.colcon_core.package_discovery:discover_packages(ignore) using defaults
[1.450s] Level 1:colcon.colcon_core.package_discovery:discover_packages(path) discover
[1.450s] Level 1:colcon.colcon_core.package_discovery:discover_packages(path) using defaults
[1.497s] Level 1:colcon.colcon_core.package_discovery:discover_packages(prefix_path) check parameters
[1.498s] Level 1:colcon.colcon_core.package_discovery:discover_packages(prefix_path) discover
[1.505s] DEBUG:colcon.colcon_installed_package_information.package_discovery:Found 1 installed packages in /home/sajeeh/ufactory_ws/install
[1.506s] DEBUG:colcon.colcon_installed_package_information.package_discovery:Found 318 installed packages in /opt/ros/humble
[1.507s] Level 1:colcon.colcon_core.package_discovery:discover_packages(prefix_path) using defaults
[1.546s] Level 5:colcon.colcon_core.verb:set package 'ufactory850_sim' build argument 'cmake_args' from command line to 'None'
[1.546s] Level 5:colcon.colcon_core.verb:set package 'ufactory850_sim' build argument 'cmake_target' from command line to 'None'
[1.546s] Level 5:colcon.colcon_core.verb:set package 'ufactory850_sim' build argument 'cmake_target_skip_unavailable' from command line to 'False'
[1.546s] Level 5:colcon.colcon_core.verb:set package 'ufactory850_sim' build argument 'cmake_clean_cache' from command line to 'False'
[1.546s] Level 5:colcon.colcon_core.verb:set package 'ufactory850_sim' build argument 'cmake_clean_first' from command line to 'False'
[1.546s] Level 5:colcon.colcon_core.verb:set package 'ufactory850_sim' build argument 'cmake_force_configure' from command line to 'False'
[1.546s] Level 5:colcon.colcon_core.verb:set package 'ufactory850_sim' build argument 'ament_cmake_args' from command line to 'None'
[1.546s] Level 5:colcon.colcon_core.verb:set package 'ufactory850_sim' build argument 'catkin_cmake_args' from command line to 'None'
[1.546s] Level 5:colcon.colcon_core.verb:set package 'ufactory850_sim' build argument 'catkin_skip_building_tests' from command line to 'False'
[1.546s] DEBUG:colcon.colcon_core.verb:Building package 'ufactory850_sim' with the following arguments: {'ament_cmake_args': None, 'build_base': '/home/sajeeh/ufactory_ws/build/ufactory850_sim', 'catkin_cmake_args': None, 'catkin_skip_building_tests': False, 'cmake_args': None, 'cmake_clean_cache': False, 'cmake_clean_first': False, 'cmake_force_configure': False, 'cmake_target': None, 'cmake_target_skip_unavailable': False, 'install_base': '/home/sajeeh/ufactory_ws/install/ufactory850_sim', 'merge_install': False, 'path': '/home/sajeeh/ufactory_ws/src/ufactory850_sim', 'symlink_install': False, 'test_result_base': None}
[1.546s] INFO:colcon.colcon_core.executor:Executing jobs using 'parallel' executor
[1.547s] DEBUG:colcon.colcon_parallel_executor.executor.parallel:run_until_complete
[1.547s] INFO:colcon.colcon_ros.task.ament_python.build:Building ROS package in '/home/sajeeh/ufactory_ws/src/ufactory850_sim' with build type 'ament_python'
[1.547s] Level 1:colcon.colcon_core.shell:create_environment_hook('ufactory850_sim', 'ament_prefix_path')
[1.564s] INFO:colcon.colcon_core.plugin_system:Skipping extension 'colcon_core.shell.bat': Not used on non-Windows systems
[1.565s] INFO:colcon.colcon_core.shell:Creating environment hook '/home/sajeeh/ufactory_ws/install/ufactory850_sim/share/ufactory850_sim/hook/ament_prefix_path.ps1'
[1.567s] INFO:colcon.colcon_core.shell:Creating environment descriptor '/home/sajeeh/ufactory_ws/install/ufactory850_sim/share/ufactory850_sim/hook/ament_prefix_path.dsv'
[1.568s] INFO:colcon.colcon_core.shell:Creating environment hook '/home/sajeeh/ufactory_ws/install/ufactory850_sim/share/ufactory850_sim/hook/ament_prefix_path.sh'
[1.570s] INFO:colcon.colcon_core.shell:Skip shell extension 'powershell' for command environment: Not usable outside of PowerShell
[1.570s] DEBUG:colcon.colcon_core.shell:Skip shell extension 'dsv' for command environment
[1.820s] WARNING:colcon.colcon_ros.task.ament_python.build:Package 'ufactory850_sim' doesn't explicitly install the 'package.xml' file (colcon-ros currently does it implicitly but that fallback will be removed in the future)
[1.821s] INFO:colcon.colcon_core.task.python.build:Building Python package in '/home/sajeeh/ufactory_ws/src/ufactory850_sim'
[1.822s] INFO:colcon.colcon_core.shell:Skip shell extension 'powershell' for command environment: Not usable outside of PowerShell
[1.822s] DEBUG:colcon.colcon_core.shell:Skip shell extension 'dsv' for command environment
[2.836s] DEBUG:colcon.colcon_core.event_handler.log_command:Invoking command in '/home/sajeeh/ufactory_ws/src/ufactory850_sim': PYTHONPATH=/home/sajeeh/ufactory_ws/build/ufactory850_sim/prefix_override:/usr/lib/python3/dist-packages/colcon_core/task/python/colcon_distutils_commands:/home/sajeeh/ufactory_ws/install/ufactory850_sim/lib/python3.10/site-packages:${PYTHONPATH} /usr/bin/python3 -W ignore:setup.py install is deprecated -W ignore:easy_install command is deprecated setup.py egg_info --egg-base ../../build/ufactory850_sim build --build-base /home/sajeeh/ufactory_ws/build/ufactory850_sim/build install --record /home/sajeeh/ufactory_ws/build/ufactory850_sim/install.log --single-version-externally-managed install_data
[3.209s] DEBUG:colcon.colcon_core.event_handler.log_command:Invoked command in '/home/sajeeh/ufactory_ws/src/ufactory850_sim' returned '0': PYTHONPATH=/home/sajeeh/ufactory_ws/build/ufactory850_sim/prefix_override:/usr/lib/python3/dist-packages/colcon_core/task/python/colcon_distutils_commands:/home/sajeeh/ufactory_ws/install/ufactory850_sim/lib/python3.10/site-packages:${PYTHONPATH} /usr/bin/python3 -W ignore:setup.py install is deprecated -W ignore:easy_install command is deprecated setup.py egg_info --egg-base ../../build/ufactory850_sim build --build-base /home/sajeeh/ufactory_ws/build/ufactory850_sim/build install --record /home/sajeeh/ufactory_ws/build/ufactory850_sim/install.log --single-version-externally-managed install_data
[3.237s] Level 1:colcon.colcon_core.environment:checking '/home/sajeeh/ufactory_ws/install/ufactory850_sim' for CMake module files
[3.237s] Level 1:colcon.colcon_core.environment:checking '/home/sajeeh/ufactory_ws/install/ufactory850_sim' for CMake config files
[3.238s] Level 1:colcon.colcon_core.environment:checking '/home/sajeeh/ufactory_ws/install/ufactory850_sim/lib'
[3.239s] Level 1:colcon.colcon_core.environment:checking '/home/sajeeh/ufactory_ws/install/ufactory850_sim/bin'
[3.239s] Level 1:colcon.colcon_core.environment:checking '/home/sajeeh/ufactory_ws/install/ufactory850_sim/lib/pkgconfig/ufactory850_sim.pc'
[3.239s] Level 1:colcon.colcon_core.environment:checking '/home/sajeeh/ufactory_ws/install/ufactory850_sim/lib/python3.10/site-packages'
[3.239s] Level 1:colcon.colcon_core.shell:create_environment_hook('ufactory850_sim', 'pythonpath')
[3.239s] INFO:colcon.colcon_core.shell:Creating environment hook '/home/sajeeh/ufactory_ws/install/ufactory850_sim/share/ufactory850_sim/hook/pythonpath.ps1'
[3.240s] INFO:colcon.colcon_core.shell:Creating environment descriptor '/home/sajeeh/ufactory_ws/install/ufactory850_sim/share/ufactory850_sim/hook/pythonpath.dsv'
[3.240s] INFO:colcon.colcon_core.shell:Creating environment hook '/home/sajeeh/ufactory_ws/install/ufactory850_sim/share/ufactory850_sim/hook/pythonpath.sh'
[3.242s] Level 1:colcon.colcon_core.environment:checking '/home/sajeeh/ufactory_ws/install/ufactory850_sim/bin'
[3.242s] Level 1:colcon.colcon_core.environment:create_environment_scripts_only(ufactory850_sim)
[3.242s] INFO:colcon.colcon_core.shell:Creating package script '/home/sajeeh/ufactory_ws/install/ufactory850_sim/share/ufactory850_sim/package.ps1'
[3.244s] INFO:colcon.colcon_core.shell:Creating package descriptor '/home/sajeeh/ufactory_ws/install/ufactory850_sim/share/ufactory850_sim/package.dsv'
[3.246s] INFO:colcon.colcon_core.shell:Creating package script '/home/sajeeh/ufactory_ws/install/ufactory850_sim/share/ufactory850_sim/package.sh'
[3.247s] INFO:colcon.colcon_core.shell:Creating package script '/home/sajeeh/ufactory_ws/install/ufactory850_sim/share/ufactory850_sim/package.bash'
[3.250s] INFO:colcon.colcon_core.shell:Creating package script '/home/sajeeh/ufactory_ws/install/ufactory850_sim/share/ufactory850_sim/package.zsh'
[3.253s] Level 1:colcon.colcon_core.environment:create_file_with_runtime_dependencies(/home/sajeeh/ufactory_ws/install/ufactory850_sim/share/colcon-core/packages/ufactory850_sim)
[3.255s] DEBUG:colcon.colcon_parallel_executor.executor.parallel:closing loop
[3.255s] DEBUG:colcon.colcon_parallel_executor.executor.parallel:loop closed
[3.255s] DEBUG:colcon.colcon_parallel_executor.executor.parallel:run_until_complete finished with '0'
[3.255s] DEBUG:colcon.colcon_core.event_reactor:joining thread
[3.267s] INFO:colcon.colcon_core.plugin_system:Skipping extension 'colcon_notification.desktop_notification.terminal_notifier': Not used on non-Darwin systems
[3.267s] INFO:colcon.colcon_core.plugin_system:Skipping extension 'colcon_notification.desktop_notification.win32': Not used on non-Windows systems
[3.267s] INFO:colcon.colcon_notification.desktop_notification:Sending desktop notification using 'notify2'
[3.352s] DEBUG:colcon.colcon_core.event_reactor:joined thread
[3.353s] INFO:colcon.colcon_core.shell:Creating prefix script '/home/sajeeh/ufactory_ws/install/local_setup.ps1'
[3.355s] INFO:colcon.colcon_core.shell:Creating prefix util module '/home/sajeeh/ufactory_ws/install/_local_setup_util_ps1.py'
[3.358s] INFO:colcon.colcon_core.shell:Creating prefix chain script '/home/sajeeh/ufactory_ws/install/setup.ps1'
[3.360s] INFO:colcon.colcon_core.shell:Creating prefix script '/home/sajeeh/ufactory_ws/install/local_setup.sh'
[3.366s] INFO:colcon.colcon_core.shell:Creating prefix util module '/home/sajeeh/ufactory_ws/install/_local_setup_util_sh.py'
[3.367s] INFO:colcon.colcon_core.shell:Creating prefix chain script '/home/sajeeh/ufactory_ws/install/setup.sh'
[3.369s] INFO:colcon.colcon_core.shell:Creating prefix script '/home/sajeeh/ufactory_ws/install/local_setup.bash'
[3.371s] INFO:colcon.colcon_core.shell:Creating prefix chain script '/home/sajeeh/ufactory_ws/install/setup.bash'
[3.378s] INFO:colcon.colcon_core.shell:Creating prefix script '/home/sajeeh/ufactory_ws/install/local_setup.zsh'
[3.380s] INFO:colcon.colcon_core.shell:Creating prefix chain script '/home/sajeeh/ufactory_ws/install/setup.zsh'
