[1.287s] Invoking command in '/home/sajeeh/ufactory_ws/src/ufactory850_sim': PYTHONPATH=/home/sajeeh/ufactory_ws/build/ufactory850_sim/prefix_override:/usr/lib/python3/dist-packages/colcon_core/task/python/colcon_distutils_commands:/home/sajeeh/ufactory_ws/install/ufactory850_sim/lib/python3.10/site-packages:${PYTHONPATH} /usr/bin/python3 -W ignore:setup.py install is deprecated -W ignore:easy_install command is deprecated setup.py egg_info --egg-base ../../build/ufactory850_sim build --build-base /home/sajeeh/ufactory_ws/build/ufactory850_sim/build install --record /home/sajeeh/ufactory_ws/build/ufactory850_sim/install.log --single-version-externally-managed install_data
[1.593s] running egg_info
[1.593s] writing ../../build/ufactory850_sim/ufactory850_sim.egg-info/PKG-INFO
[1.595s] writing dependency_links to ../../build/ufactory850_sim/ufactory850_sim.egg-info/dependency_links.txt
[1.596s] writing entry points to ../../build/ufactory850_sim/ufactory850_sim.egg-info/entry_points.txt
[1.597s] writing requirements to ../../build/ufactory850_sim/ufactory850_sim.egg-info/requires.txt
[1.597s] writing top-level names to ../../build/ufactory850_sim/ufactory850_sim.egg-info/top_level.txt
[1.603s] reading manifest file '../../build/ufactory850_sim/ufactory850_sim.egg-info/SOURCES.txt'
[1.605s] writing manifest file '../../build/ufactory850_sim/ufactory850_sim.egg-info/SOURCES.txt'
[1.606s] running build
[1.606s] running build_py
[1.608s] running install
[1.608s] running install_lib
[1.611s] running install_data
[1.616s] running install_egg_info
[1.616s] removing '/home/sajeeh/ufactory_ws/install/ufactory850_sim/lib/python3.10/site-packages/ufactory850_sim-0.0.0-py3.10.egg-info' (and everything under it)
[1.616s] Copying ../../build/ufactory850_sim/ufactory850_sim.egg-info to /home/sajeeh/ufactory_ws/install/ufactory850_sim/lib/python3.10/site-packages/ufactory850_sim-0.0.0-py3.10.egg-info
[1.623s] running install_scripts
[1.638s] Installing pick_and_place script to /home/sajeeh/ufactory_ws/install/ufactory850_sim/lib/ufactory850_sim
[1.641s] writing list of installed files to '/home/sajeeh/ufactory_ws/build/ufactory850_sim/install.log'
[1.660s] Invoked command in '/home/sajeeh/ufactory_ws/src/ufactory850_sim' returned '0': PYTHONPATH=/home/sajeeh/ufactory_ws/build/ufactory850_sim/prefix_override:/usr/lib/python3/dist-packages/colcon_core/task/python/colcon_distutils_commands:/home/sajeeh/ufactory_ws/install/ufactory850_sim/lib/python3.10/site-packages:${PYTHONPATH} /usr/bin/python3 -W ignore:setup.py install is deprecated -W ignore:easy_install command is deprecated setup.py egg_info --egg-base ../../build/ufactory850_sim build --build-base /home/sajeeh/ufactory_ws/build/ufactory850_sim/build install --record /home/sajeeh/ufactory_ws/build/ufactory850_sim/install.log --single-version-externally-managed install_data
