[0.411s] Invoking command in '/home/sajeeh/ufactory_ws/src/ufactory850_sim': PYTHONPATH=/home/sajeeh/ufactory_ws/build/ufactory850_sim/prefix_override:/usr/lib/python3/dist-packages/colcon_core/task/python/colcon_distutils_commands:/home/sajeeh/ufactory_ws/install/ufactory850_sim/lib/python3.10/site-packages:${PYTHONPATH} /usr/bin/python3 -W ignore:setup.py install is deprecated -W ignore:easy_install command is deprecated setup.py egg_info --egg-base ../../build/ufactory850_sim build --build-base /home/sajeeh/ufactory_ws/build/ufactory850_sim/build install --record /home/sajeeh/ufactory_ws/build/ufactory850_sim/install.log --single-version-externally-managed install_data
[0.543s] running egg_info
[0.544s] writing ../../build/ufactory850_sim/ufactory850_sim.egg-info/PKG-INFO
[0.546s] writing dependency_links to ../../build/ufactory850_sim/ufactory850_sim.egg-info/dependency_links.txt
[0.547s] writing entry points to ../../build/ufactory850_sim/ufactory850_sim.egg-info/entry_points.txt
[0.547s] writing requirements to ../../build/ufactory850_sim/ufactory850_sim.egg-info/requires.txt
[0.548s] writing top-level names to ../../build/ufactory850_sim/ufactory850_sim.egg-info/top_level.txt
[0.550s] reading manifest file '../../build/ufactory850_sim/ufactory850_sim.egg-info/SOURCES.txt'
[0.551s] writing manifest file '../../build/ufactory850_sim/ufactory850_sim.egg-info/SOURCES.txt'
[0.551s] running build
[0.551s] running build_py
[0.552s] running install
[0.552s] running install_lib
[0.553s] running install_data
[0.553s] copying launch/spawn_ufactory850.launch.py -> /home/sajeeh/ufactory_ws/install/ufactory850_sim/share/ufactory850_sim/launch
[0.553s] running install_egg_info
[0.555s] removing '/home/sajeeh/ufactory_ws/install/ufactory850_sim/lib/python3.10/site-packages/ufactory850_sim-0.0.0-py3.10.egg-info' (and everything under it)
[0.555s] Copying ../../build/ufactory850_sim/ufactory850_sim.egg-info to /home/sajeeh/ufactory_ws/install/ufactory850_sim/lib/python3.10/site-packages/ufactory850_sim-0.0.0-py3.10.egg-info
[0.555s] running install_scripts
[0.567s] writing list of installed files to '/home/sajeeh/ufactory_ws/build/ufactory850_sim/install.log'
[0.584s] Invoked command in '/home/sajeeh/ufactory_ws/src/ufactory850_sim' returned '0': PYTHONPATH=/home/sajeeh/ufactory_ws/build/ufactory850_sim/prefix_override:/usr/lib/python3/dist-packages/colcon_core/task/python/colcon_distutils_commands:/home/sajeeh/ufactory_ws/install/ufactory850_sim/lib/python3.10/site-packages:${PYTHONPATH} /usr/bin/python3 -W ignore:setup.py install is deprecated -W ignore:easy_install command is deprecated setup.py egg_info --egg-base ../../build/ufactory850_sim build --build-base /home/sajeeh/ufactory_ws/build/ufactory850_sim/build install --record /home/sajeeh/ufactory_ws/build/ufactory850_sim/install.log --single-version-externally-managed install_data
